\BOOKMARK [1][-]{section*.1}{Contents}{}% 1
\BOOKMARK [1][-]{section*.2}{Introduction / Context}{}% 2
\BOOKMARK [1][-]{section*.3}{Choices / Target}{}% 3
\BOOKMARK [1][-]{section*.4}{Project Management}{}% 4
\BOOKMARK [2][-]{section*.5}{Antoine}{section*.4}% 5
\BOOKMARK [3][-]{section*.6}{Introduction}{section*.5}% 6
\BOOKMARK [3][-]{section*.7}{Libraries installation}{section*.5}% 7
\BOOKMARK [3][-]{section*.8}{Software design}{section*.5}% 8
\BOOKMARK [3][-]{section*.9}{Coding habits}{section*.5}% 9
\BOOKMARK [3][-]{section*.10}{Handyman}{section*.5}% 10
\BOOKMARK [3][-]{section*.11}{ICP}{section*.5}% 11
\BOOKMARK [2][-]{section*.12}{Marcio}{section*.4}% 12
\BOOKMARK [3][-]{section*.13}{Logger}{section*.12}% 13
\BOOKMARK [3][-]{section*.14}{I/O Tools}{section*.12}% 14
\BOOKMARK [2][-]{section*.15}{G\374lnur}{section*.4}% 15
\BOOKMARK [2][-]{section*.16}{Mladen}{section*.4}% 16
\BOOKMARK [1][-]{section*.17}{Challenges}{}% 17
\BOOKMARK [1][-]{section*.18}{Conclusion}{}% 18
\BOOKMARK [1][-]{section*.19}{Future Work}{}% 19
\BOOKMARK [1][-]{section*.20}{References}{}% 20
